<html>
<head>
<title>TestNG:  D:/IdeaWorkspace/SeachEngine/test/hust/cs/javacourse/search/index/PostingTest.java</title>
<link href="../testng.css" rel="stylesheet" type="text/css" />
<link href="../my-testng.css" rel="stylesheet" type="text/css" />

<style type="text/css">
.log { display: none;} 
.stack-trace { display: none;} 
</style>
<script type="text/javascript">
<!--
function flip(e) {
  current = e.style.display;
  if (current == 'block') {
    e.style.display = 'none';
    return 0;
  }
  else {
    e.style.display = 'block';
    return 1;
  }
}

function toggleBox(szDivId, elem, msg1, msg2)
{
  var res = -1;  if (document.getElementById) {
    res = flip(document.getElementById(szDivId));
  }
  else if (document.all) {
    // this is the way old msie versions work
    res = flip(document.all[szDivId]);
  }
  if(elem) {
    if(res == 0) elem.innerHTML = msg1; else elem.innerHTML = msg2;
  }

}

function toggleAllBoxes() {
  if (document.getElementsByTagName) {
    d = document.getElementsByTagName('div');
    for (i = 0; i < d.length; i++) {
      if (d[i].className == 'log') {
        flip(d[i]);
      }
    }
  }
}

// -->
</script>

</head>
<body>
<h2 align='center'>D:/IdeaWorkspace/SeachEngine/test/hust/cs/javacourse/search/index/PostingTest.java</h2><table border='1' align="center">
<tr>
<td>Tests passed/Failed/Skipped:</td><td>12/1/3</td>
</tr><tr>
<td>Started on:</td><td>Sun May 09 16:12:51 CST 2021</td>
</tr>
<tr><td>Total time:</td><td>0 seconds (20 ms)</td>
</tr><tr>
<td>Included groups:</td><td></td>
</tr><tr>
<td>Excluded groups:</td><td></td>
</tr>
</table><p/>
<small><i>(Hover the method name to see the test class name)</i></small><p/>
<table width='100%' border='1' class='invocation-failed'>
<tr><td colspan='4' align='center'><b>FAILED TESTS</b></td></tr>
<tr><td><b>Test method</b></td>
<td width="30%"><b>Exception</b></td>
<td width="10%"><b>Time (seconds)</b></td>
<td><b>Instance</b></td>
</tr>
<tr>
<td title='hust.cs.javacourse.search.index.PostingTest.testTestEquals()'><b>testTestEquals</b><br>Test class: hust.cs.javacourse.search.index.PostingTest<br>Parameters: [Lhust.cs.javacourse.search.index.AbstractPosting;@d4342c2, true</td>
<td><div><pre>java.lang.AssertionError: expected [true] but found [false]
	at org.testng.Assert.fail(Assert.java:96)
	at org.testng.Assert.failNotEquals(Assert.java:776)
	at org.testng.Assert.assertEqualsImpl(Assert.java:137)
	at org.testng.Assert.assertEquals(Assert.java:118)
	at org.testng.Assert.assertEquals(Assert.java:568)
	at org.testng.Assert.assertEquals(Assert.java:578)
	at hust.cs.javacourse.search.index.PostingTest.testTestEquals(PostingTest.java:19)
	at java.base/jdk.internal.reflect.NativeMethodAccessorImpl.invoke0(Native Method)
	at java.base/jdk.internal.reflect.NativeMethodAccessorImpl.invoke(NativeMethodAccessorImpl.java:64)
	at java.base/jdk.internal.reflect.DelegatingMethodAccessorImpl.invoke(DelegatingMethodAccessorImpl.java:43)
	at java.base/java.lang.reflect.Method.invoke(Method.java:564)
	at org.testng.internal.MethodInvocationHelper.invokeMethod(MethodInvocationHelper.java:124)
	at org.testng.internal.Invoker.invokeMethod(Invoker.java:583)
	at org.testng.internal.Invoker.invokeTestMethod(Invoker.java:719)
	at org.testng.internal.Invoker.invokeTestMethods(Invoker.java:989)
	at org.testng.internal.TestMethodWorker.invokeTestMethods(TestMethodWorker.java:125)
	at org.testng.internal.TestMethodWorker.run(TestMethodWorker.java:109)
	at org.testng.TestRunner.privateRun(TestRunner.java:648)
	at org.testng.TestRunner.run(TestRunner.java:505)
	at org.testng.SuiteRunner.runTest(SuiteRunner.java:455)
	at org.testng.SuiteRunner.runSequentially(SuiteRunner.java:450)
	at org.testng.SuiteRunner.privateRun(SuiteRunner.java:415)
	at org.testng.SuiteRunner.run(SuiteRunner.java:364)
	at org.testng.SuiteRunnerWorker.runSuite(SuiteRunnerWorker.java:52)
	at org.testng.SuiteRunnerWorker.run(SuiteRunnerWorker.java:84)
	at org.testng.TestNG.runSuitesSequentially(TestNG.java:1208)
	at org.testng.TestNG.runSuitesLocally(TestNG.java:1137)
	at org.testng.TestNG.runSuites(TestNG.java:1049)
	at org.testng.TestNG.run(TestNG.java:1017)
	at org.testng.TestNG.privateMain(TestNG.java:1354)
	at org.testng.TestNG.main(TestNG.java:1323)
</pre></div><a href='#' onClick='toggleBox("stack-trace867148091", this, "Click to show all stack frames", "Click to hide stack frames")'>Click to show all stack frames</a>
<div class='stack-trace' id='stack-trace867148091'><pre>java.lang.AssertionError: expected [true] but found [false]
	at org.testng.Assert.fail(Assert.java:96)
	at org.testng.Assert.failNotEquals(Assert.java:776)
	at org.testng.Assert.assertEqualsImpl(Assert.java:137)
	at org.testng.Assert.assertEquals(Assert.java:118)
	at org.testng.Assert.assertEquals(Assert.java:568)
	at org.testng.Assert.assertEquals(Assert.java:578)
	at hust.cs.javacourse.search.index.PostingTest.testTestEquals(PostingTest.java:19)
	at java.base/jdk.internal.reflect.NativeMethodAccessorImpl.invoke0(Native Method)
	at java.base/jdk.internal.reflect.NativeMethodAccessorImpl.invoke(NativeMethodAccessorImpl.java:64)
	at java.base/jdk.internal.reflect.DelegatingMethodAccessorImpl.invoke(DelegatingMethodAccessorImpl.java:43)
	at java.base/java.lang.reflect.Method.invoke(Method.java:564)
	at org.testng.internal.MethodInvocationHelper.invokeMethod(MethodInvocationHelper.java:124)
	at org.testng.internal.Invoker.invokeMethod(Invoker.java:583)
	at org.testng.internal.Invoker.invokeTestMethod(Invoker.java:719)
	at org.testng.internal.Invoker.invokeTestMethods(Invoker.java:989)
	at org.testng.internal.TestMethodWorker.invokeTestMethods(TestMethodWorker.java:125)
	at org.testng.internal.TestMethodWorker.run(TestMethodWorker.java:109)
	at org.testng.TestRunner.privateRun(TestRunner.java:648)
	at org.testng.TestRunner.run(TestRunner.java:505)
	at org.testng.SuiteRunner.runTest(SuiteRunner.java:455)
	at org.testng.SuiteRunner.runSequentially(SuiteRunner.java:450)
	at org.testng.SuiteRunner.privateRun(SuiteRunner.java:415)
	at org.testng.SuiteRunner.run(SuiteRunner.java:364)
	at org.testng.SuiteRunnerWorker.runSuite(SuiteRunnerWorker.java:52)
	at org.testng.SuiteRunnerWorker.run(SuiteRunnerWorker.java:84)
	at org.testng.TestNG.runSuitesSequentially(TestNG.java:1208)
	at org.testng.TestNG.runSuitesLocally(TestNG.java:1137)
	at org.testng.TestNG.runSuites(TestNG.java:1049)
	at org.testng.TestNG.run(TestNG.java:1017)
	at org.testng.TestNG.privateMain(TestNG.java:1354)
	at org.testng.TestNG.main(TestNG.java:1323)
</pre></div></td>
<td>0</td>
<td>hust.cs.javacourse.search.index.PostingTest@4d1b0d2a</td></tr>
</table><p>
<table width='100%' border='1' class='invocation-passed'>
<tr><td colspan='4' align='center'><b>PASSED TESTS</b></td></tr>
<tr><td><b>Test method</b></td>
<td width="30%"><b>Exception</b></td>
<td width="10%"><b>Time (seconds)</b></td>
<td><b>Instance</b></td>
</tr>
<tr>
<td title='hust.cs.javacourse.search.index.PostingTest.testCompareTo()'><b>testCompareTo</b><br>Test class: hust.cs.javacourse.search.index.PostingTest<br>Parameters: [Lhust.cs.javacourse.search.index.AbstractPosting;@163e4e87, 1</td>
<td></td>
<td>0</td>
<td>hust.cs.javacourse.search.index.PostingTest@4d1b0d2a</td></tr>
<tr>
<td title='hust.cs.javacourse.search.index.PostingTest.testGetDocId()'><b>testGetDocId</b><br>Test class: hust.cs.javacourse.search.index.PostingTest<br>Parameters: docId:1 freq:4 position:[10, 100, 320, 400], 1</td>
<td></td>
<td>0</td>
<td>hust.cs.javacourse.search.index.PostingTest@4d1b0d2a</td></tr>
<tr>
<td title='hust.cs.javacourse.search.index.PostingTest.testGetFreq()'><b>testGetFreq</b><br>Test class: hust.cs.javacourse.search.index.PostingTest<br>Parameters: docId:1 freq:4 position:[10, 100, 320, 400], 4</td>
<td></td>
<td>0</td>
<td>hust.cs.javacourse.search.index.PostingTest@4d1b0d2a</td></tr>
<tr>
<td title='hust.cs.javacourse.search.index.PostingTest.testGetPositions()'><b>testGetPositions</b><br>Test class: hust.cs.javacourse.search.index.PostingTest<br>Parameters: docId:1 freq:4 position:[10, 100, 320, 400], [10, 100, 320, 400]</td>
<td></td>
<td>0</td>
<td>hust.cs.javacourse.search.index.PostingTest@4d1b0d2a</td></tr>
<tr>
<td title='hust.cs.javacourse.search.index.PostingTest.testReadObject()'><b>testReadObject</b><br>Test class: hust.cs.javacourse.search.index.PostingTest<br>Parameters: docId:1 freq:4 position:[10, 100, 320, 400], D:/%e4%b8%8b%e8%bd%bd/qq%e4%b8%8b%e8%bd%bd/Java%e6%96%b0%e5%ae%9e%e9%aa%8c%e4%b8%80/Java%e6%96%b0%e5%ae%9e%e9%aa%8c%e4%b8%80/test/config/..//ser/Posting.dat</td>
<td></td>
<td>0</td>
<td>hust.cs.javacourse.search.index.PostingTest@4d1b0d2a</td></tr>
<tr>
<td title='hust.cs.javacourse.search.index.PostingTest.testSort()'><b>testSort</b><br>Test class: hust.cs.javacourse.search.index.PostingTest<br>Parameters: docId:1 freq:4 position:[10, 100, 320, 400], [10, 100, 320, 400]</td>
<td></td>
<td>0</td>
<td>hust.cs.javacourse.search.index.PostingTest@4d1b0d2a</td></tr>
<tr>
<td title='hust.cs.javacourse.search.index.PostingTest.testTestEquals()'><b>testTestEquals</b><br>Test class: hust.cs.javacourse.search.index.PostingTest<br>Parameters: [Lhust.cs.javacourse.search.index.AbstractPosting;@56de5251, true</td>
<td></td>
<td>0</td>
<td>hust.cs.javacourse.search.index.PostingTest@4d1b0d2a</td></tr>
<tr>
<td title='hust.cs.javacourse.search.index.PostingTest.testTestEquals()'><b>testTestEquals</b><br>Test class: hust.cs.javacourse.search.index.PostingTest<br>Parameters: [Lhust.cs.javacourse.search.index.AbstractPosting;@419c5f1a, false</td>
<td></td>
<td>0</td>
<td>hust.cs.javacourse.search.index.PostingTest@4d1b0d2a</td></tr>
<tr>
<td title='hust.cs.javacourse.search.index.PostingTest.testTestEquals()'><b>testTestEquals</b><br>Test class: hust.cs.javacourse.search.index.PostingTest<br>Parameters: [Lhust.cs.javacourse.search.index.AbstractPosting;@12b0404f, false</td>
<td></td>
<td>0</td>
<td>hust.cs.javacourse.search.index.PostingTest@4d1b0d2a</td></tr>
<tr>
<td title='hust.cs.javacourse.search.index.PostingTest.testTestEquals()'><b>testTestEquals</b><br>Test class: hust.cs.javacourse.search.index.PostingTest<br>Parameters: [Lhust.cs.javacourse.search.index.AbstractPosting;@769e7ee8, false</td>
<td></td>
<td>0</td>
<td>hust.cs.javacourse.search.index.PostingTest@4d1b0d2a</td></tr>
<tr>
<td title='hust.cs.javacourse.search.index.PostingTest.testTestToString()'><b>testTestToString</b><br>Test class: hust.cs.javacourse.search.index.PostingTest<br>Parameters: docId:1 freq:4 position:[10, 100, 320, 400], [Ljava.lang.String;@5276e6b0</td>
<td></td>
<td>0</td>
<td>hust.cs.javacourse.search.index.PostingTest@4d1b0d2a</td></tr>
<tr>
<td title='hust.cs.javacourse.search.index.PostingTest.testWriteObject()'><b>testWriteObject</b><br>Test class: hust.cs.javacourse.search.index.PostingTest<br>Parameters: docId:1 freq:4 position:[10, 100, 320, 400], D:/%e4%b8%8b%e8%bd%bd/qq%e4%b8%8b%e8%bd%bd/Java%e6%96%b0%e5%ae%9e%e9%aa%8c%e4%b8%80/Java%e6%96%b0%e5%ae%9e%e9%aa%8c%e4%b8%80/test/config/..//ser/Posting.dat</td>
<td></td>
<td>0</td>
<td>hust.cs.javacourse.search.index.PostingTest@4d1b0d2a</td></tr>
</table><p>
<table width='100%' border='1' class='invocation-skipped'>
<tr><td colspan='4' align='center'><b>SKIPPED TESTS</b></td></tr>
<tr><td><b>Test method</b></td>
<td width="30%"><b>Exception</b></td>
<td width="10%"><b>Time (seconds)</b></td>
<td><b>Instance</b></td>
</tr>
<tr>
<td title='hust.cs.javacourse.search.index.PostingTest.testSetDocId()'><b>testSetDocId</b><br>Test class: hust.cs.javacourse.search.index.PostingTest</td>
<td><div><pre>java.lang.RuntimeException: java.lang.NoSuchMethodError: hust.cs.javacourse.search.index.impl.Posting: method &apos;void &lt;init&gt;()&apos; not found
	at org.testng.internal.MethodInvocationHelper.invokeMethodNoCheckedException(MethodInvocationHelper.java:49)
	at org.testng.internal.MethodInvocationHelper.invokeDataProvider(MethodInvocationHelper.java:131)
	at org.testng.internal.Parameters.handleParameters(Parameters.java:706)
	at org.testng.internal.ParameterHandler.handleParameters(ParameterHandler.java:49)
	at org.testng.internal.ParameterHandler.createParameters(ParameterHandler.java:37)
	at org.testng.internal.Invoker.invokeTestMethods(Invoker.java:924)
	at org.testng.internal.TestMethodWorker.invokeTestMethods(TestMethodWorker.java:125)
	at org.testng.internal.TestMethodWorker.run(TestMethodWorker.java:109)
	at org.testng.TestRunner.privateRun(TestRunner.java:648)
	at org.testng.TestRunner.run(TestRunner.java:505)
	at org.testng.SuiteRunner.runTest(SuiteRunner.java:455)
	at org.testng.SuiteRunner.runSequentially(SuiteRunner.java:450)
	at org.testng.SuiteRunner.privateRun(SuiteRunner.java:415)
	at org.testng.SuiteRunner.run(SuiteRunner.java:364)
	at org.testng.SuiteRunnerWorker.runSuite(SuiteRunnerWorker.java:52)
	at org.testng.SuiteRunnerWorker.run(SuiteRunnerWorker.java:84)
	at org.testng.TestNG.runSuitesSequentially(TestNG.java:1208)
	at org.testng.TestNG.runSuitesLocally(TestNG.java:1137)
	at org.testng.TestNG.runSuites(TestNG.java:1049)
	at org.testng.TestNG.run(TestNG.java:1017)
	at org.testng.TestNG.privateMain(TestNG.java:1354)
	at org.testng.TestNG.main(TestNG.java:1323)
Caused by: java.lang.NoSuchMethodError: hust.cs.javacourse.search.index.impl.Posting: method &apos;void &lt;init&gt;()&apos; not found
	at hust.cs.javacourse.search.index.PostingTestDataProvider.testPosting(PostingTestDataProvider.java:85)
	at java.base/jdk.internal.reflect.NativeMethodAccessorImpl.invoke0(Native Method)
	at java.base/jdk.internal.reflect.NativeMethodAccessorImpl.invoke(NativeMethodAccessorImpl.java:64)
	at java.base/jdk.internal.reflect.DelegatingMethodAccessorImpl.invoke(DelegatingMethodAccessorImpl.java:43)
	at java.base/java.lang.reflect.Method.invoke(Method.java:564)
	at org.testng.internal.MethodInvocationHelper.invokeMethod(MethodInvocationHelper.java:124)
	at org.testng.internal.MethodInvocationHelper.invokeMethod(MethodInvocationHelper.java:74)
	at org.testng.internal.MethodInvocationHelper.invokeMethodNoCheckedException(MethodInvocationHelper.java:45)
	... 21 more
</pre></div><a href='#' onClick='toggleBox("stack-trace71587369", this, "Click to show all stack frames", "Click to hide stack frames")'>Click to show all stack frames</a>
<div class='stack-trace' id='stack-trace71587369'><pre>java.lang.RuntimeException: java.lang.NoSuchMethodError: hust.cs.javacourse.search.index.impl.Posting: method &apos;void &lt;init&gt;()&apos; not found
	at org.testng.internal.MethodInvocationHelper.invokeMethodNoCheckedException(MethodInvocationHelper.java:49)
	at org.testng.internal.MethodInvocationHelper.invokeDataProvider(MethodInvocationHelper.java:131)
	at org.testng.internal.Parameters.handleParameters(Parameters.java:706)
	at org.testng.internal.ParameterHandler.handleParameters(ParameterHandler.java:49)
	at org.testng.internal.ParameterHandler.createParameters(ParameterHandler.java:37)
	at org.testng.internal.Invoker.invokeTestMethods(Invoker.java:924)
	at org.testng.internal.TestMethodWorker.invokeTestMethods(TestMethodWorker.java:125)
	at org.testng.internal.TestMethodWorker.run(TestMethodWorker.java:109)
	at org.testng.TestRunner.privateRun(TestRunner.java:648)
	at org.testng.TestRunner.run(TestRunner.java:505)
	at org.testng.SuiteRunner.runTest(SuiteRunner.java:455)
	at org.testng.SuiteRunner.runSequentially(SuiteRunner.java:450)
	at org.testng.SuiteRunner.privateRun(SuiteRunner.java:415)
	at org.testng.SuiteRunner.run(SuiteRunner.java:364)
	at org.testng.SuiteRunnerWorker.runSuite(SuiteRunnerWorker.java:52)
	at org.testng.SuiteRunnerWorker.run(SuiteRunnerWorker.java:84)
	at org.testng.TestNG.runSuitesSequentially(TestNG.java:1208)
	at org.testng.TestNG.runSuitesLocally(TestNG.java:1137)
	at org.testng.TestNG.runSuites(TestNG.java:1049)
	at org.testng.TestNG.run(TestNG.java:1017)
	at org.testng.TestNG.privateMain(TestNG.java:1354)
	at org.testng.TestNG.main(TestNG.java:1323)
Caused by: java.lang.NoSuchMethodError: hust.cs.javacourse.search.index.impl.Posting: method &apos;void &lt;init&gt;()&apos; not found
	at hust.cs.javacourse.search.index.PostingTestDataProvider.testPosting(PostingTestDataProvider.java:85)
	at java.base/jdk.internal.reflect.NativeMethodAccessorImpl.invoke0(Native Method)
	at java.base/jdk.internal.reflect.NativeMethodAccessorImpl.invoke(NativeMethodAccessorImpl.java:64)
	at java.base/jdk.internal.reflect.DelegatingMethodAccessorImpl.invoke(DelegatingMethodAccessorImpl.java:43)
	at java.base/java.lang.reflect.Method.invoke(Method.java:564)
	at org.testng.internal.MethodInvocationHelper.invokeMethod(MethodInvocationHelper.java:124)
	at org.testng.internal.MethodInvocationHelper.invokeMethod(MethodInvocationHelper.java:74)
	at org.testng.internal.MethodInvocationHelper.invokeMethodNoCheckedException(MethodInvocationHelper.java:45)
	... 21 more
</pre></div></td>
<td>0</td>
<td>hust.cs.javacourse.search.index.PostingTest@4d1b0d2a</td></tr>
<tr>
<td title='hust.cs.javacourse.search.index.PostingTest.testSetFreq()'><b>testSetFreq</b><br>Test class: hust.cs.javacourse.search.index.PostingTest</td>
<td><div><pre>java.lang.RuntimeException: java.lang.NoSuchMethodError: hust.cs.javacourse.search.index.impl.Posting: method &apos;void &lt;init&gt;()&apos; not found
	at org.testng.internal.MethodInvocationHelper.invokeMethodNoCheckedException(MethodInvocationHelper.java:49)
	at org.testng.internal.MethodInvocationHelper.invokeDataProvider(MethodInvocationHelper.java:131)
	at org.testng.internal.Parameters.handleParameters(Parameters.java:706)
	at org.testng.internal.ParameterHandler.handleParameters(ParameterHandler.java:49)
	at org.testng.internal.ParameterHandler.createParameters(ParameterHandler.java:37)
	at org.testng.internal.Invoker.invokeTestMethods(Invoker.java:924)
	at org.testng.internal.TestMethodWorker.invokeTestMethods(TestMethodWorker.java:125)
	at org.testng.internal.TestMethodWorker.run(TestMethodWorker.java:109)
	at org.testng.TestRunner.privateRun(TestRunner.java:648)
	at org.testng.TestRunner.run(TestRunner.java:505)
	at org.testng.SuiteRunner.runTest(SuiteRunner.java:455)
	at org.testng.SuiteRunner.runSequentially(SuiteRunner.java:450)
	at org.testng.SuiteRunner.privateRun(SuiteRunner.java:415)
	at org.testng.SuiteRunner.run(SuiteRunner.java:364)
	at org.testng.SuiteRunnerWorker.runSuite(SuiteRunnerWorker.java:52)
	at org.testng.SuiteRunnerWorker.run(SuiteRunnerWorker.java:84)
	at org.testng.TestNG.runSuitesSequentially(TestNG.java:1208)
	at org.testng.TestNG.runSuitesLocally(TestNG.java:1137)
	at org.testng.TestNG.runSuites(TestNG.java:1049)
	at org.testng.TestNG.run(TestNG.java:1017)
	at org.testng.TestNG.privateMain(TestNG.java:1354)
	at org.testng.TestNG.main(TestNG.java:1323)
Caused by: java.lang.NoSuchMethodError: hust.cs.javacourse.search.index.impl.Posting: method &apos;void &lt;init&gt;()&apos; not found
	at hust.cs.javacourse.search.index.PostingTestDataProvider.testPosting(PostingTestDataProvider.java:92)
	at java.base/jdk.internal.reflect.NativeMethodAccessorImpl.invoke0(Native Method)
	at java.base/jdk.internal.reflect.NativeMethodAccessorImpl.invoke(NativeMethodAccessorImpl.java:64)
	at java.base/jdk.internal.reflect.DelegatingMethodAccessorImpl.invoke(DelegatingMethodAccessorImpl.java:43)
	at java.base/java.lang.reflect.Method.invoke(Method.java:564)
	at org.testng.internal.MethodInvocationHelper.invokeMethod(MethodInvocationHelper.java:124)
	at org.testng.internal.MethodInvocationHelper.invokeMethod(MethodInvocationHelper.java:74)
	at org.testng.internal.MethodInvocationHelper.invokeMethodNoCheckedException(MethodInvocationHelper.java:45)
	... 21 more
</pre></div><a href='#' onClick='toggleBox("stack-trace1307904972", this, "Click to show all stack frames", "Click to hide stack frames")'>Click to show all stack frames</a>
<div class='stack-trace' id='stack-trace1307904972'><pre>java.lang.RuntimeException: java.lang.NoSuchMethodError: hust.cs.javacourse.search.index.impl.Posting: method &apos;void &lt;init&gt;()&apos; not found
	at org.testng.internal.MethodInvocationHelper.invokeMethodNoCheckedException(MethodInvocationHelper.java:49)
	at org.testng.internal.MethodInvocationHelper.invokeDataProvider(MethodInvocationHelper.java:131)
	at org.testng.internal.Parameters.handleParameters(Parameters.java:706)
	at org.testng.internal.ParameterHandler.handleParameters(ParameterHandler.java:49)
	at org.testng.internal.ParameterHandler.createParameters(ParameterHandler.java:37)
	at org.testng.internal.Invoker.invokeTestMethods(Invoker.java:924)
	at org.testng.internal.TestMethodWorker.invokeTestMethods(TestMethodWorker.java:125)
	at org.testng.internal.TestMethodWorker.run(TestMethodWorker.java:109)
	at org.testng.TestRunner.privateRun(TestRunner.java:648)
	at org.testng.TestRunner.run(TestRunner.java:505)
	at org.testng.SuiteRunner.runTest(SuiteRunner.java:455)
	at org.testng.SuiteRunner.runSequentially(SuiteRunner.java:450)
	at org.testng.SuiteRunner.privateRun(SuiteRunner.java:415)
	at org.testng.SuiteRunner.run(SuiteRunner.java:364)
	at org.testng.SuiteRunnerWorker.runSuite(SuiteRunnerWorker.java:52)
	at org.testng.SuiteRunnerWorker.run(SuiteRunnerWorker.java:84)
	at org.testng.TestNG.runSuitesSequentially(TestNG.java:1208)
	at org.testng.TestNG.runSuitesLocally(TestNG.java:1137)
	at org.testng.TestNG.runSuites(TestNG.java:1049)
	at org.testng.TestNG.run(TestNG.java:1017)
	at org.testng.TestNG.privateMain(TestNG.java:1354)
	at org.testng.TestNG.main(TestNG.java:1323)
Caused by: java.lang.NoSuchMethodError: hust.cs.javacourse.search.index.impl.Posting: method &apos;void &lt;init&gt;()&apos; not found
	at hust.cs.javacourse.search.index.PostingTestDataProvider.testPosting(PostingTestDataProvider.java:92)
	at java.base/jdk.internal.reflect.NativeMethodAccessorImpl.invoke0(Native Method)
	at java.base/jdk.internal.reflect.NativeMethodAccessorImpl.invoke(NativeMethodAccessorImpl.java:64)
	at java.base/jdk.internal.reflect.DelegatingMethodAccessorImpl.invoke(DelegatingMethodAccessorImpl.java:43)
	at java.base/java.lang.reflect.Method.invoke(Method.java:564)
	at org.testng.internal.MethodInvocationHelper.invokeMethod(MethodInvocationHelper.java:124)
	at org.testng.internal.MethodInvocationHelper.invokeMethod(MethodInvocationHelper.java:74)
	at org.testng.internal.MethodInvocationHelper.invokeMethodNoCheckedException(MethodInvocationHelper.java:45)
	... 21 more
</pre></div></td>
<td>0</td>
<td>hust.cs.javacourse.search.index.PostingTest@4d1b0d2a</td></tr>
<tr>
<td title='hust.cs.javacourse.search.index.PostingTest.testSetPositions()'><b>testSetPositions</b><br>Test class: hust.cs.javacourse.search.index.PostingTest</td>
<td><div><pre>java.lang.RuntimeException: java.lang.NoSuchMethodError: hust.cs.javacourse.search.index.impl.Posting: method &apos;void &lt;init&gt;()&apos; not found
	at org.testng.internal.MethodInvocationHelper.invokeMethodNoCheckedException(MethodInvocationHelper.java:49)
	at org.testng.internal.MethodInvocationHelper.invokeDataProvider(MethodInvocationHelper.java:131)
	at org.testng.internal.Parameters.handleParameters(Parameters.java:706)
	at org.testng.internal.ParameterHandler.handleParameters(ParameterHandler.java:49)
	at org.testng.internal.ParameterHandler.createParameters(ParameterHandler.java:37)
	at org.testng.internal.Invoker.invokeTestMethods(Invoker.java:924)
	at org.testng.internal.TestMethodWorker.invokeTestMethods(TestMethodWorker.java:125)
	at org.testng.internal.TestMethodWorker.run(TestMethodWorker.java:109)
	at org.testng.TestRunner.privateRun(TestRunner.java:648)
	at org.testng.TestRunner.run(TestRunner.java:505)
	at org.testng.SuiteRunner.runTest(SuiteRunner.java:455)
	at org.testng.SuiteRunner.runSequentially(SuiteRunner.java:450)
	at org.testng.SuiteRunner.privateRun(SuiteRunner.java:415)
	at org.testng.SuiteRunner.run(SuiteRunner.java:364)
	at org.testng.SuiteRunnerWorker.runSuite(SuiteRunnerWorker.java:52)
	at org.testng.SuiteRunnerWorker.run(SuiteRunnerWorker.java:84)
	at org.testng.TestNG.runSuitesSequentially(TestNG.java:1208)
	at org.testng.TestNG.runSuitesLocally(TestNG.java:1137)
	at org.testng.TestNG.runSuites(TestNG.java:1049)
	at org.testng.TestNG.run(TestNG.java:1017)
	at org.testng.TestNG.privateMain(TestNG.java:1354)
	at org.testng.TestNG.main(TestNG.java:1323)
Caused by: java.lang.NoSuchMethodError: hust.cs.javacourse.search.index.impl.Posting: method &apos;void &lt;init&gt;()&apos; not found
	at hust.cs.javacourse.search.index.PostingTestDataProvider.testPosting(PostingTestDataProvider.java:98)
	at java.base/jdk.internal.reflect.NativeMethodAccessorImpl.invoke0(Native Method)
	at java.base/jdk.internal.reflect.NativeMethodAccessorImpl.invoke(NativeMethodAccessorImpl.java:64)
	at java.base/jdk.internal.reflect.DelegatingMethodAccessorImpl.invoke(DelegatingMethodAccessorImpl.java:43)
	at java.base/java.lang.reflect.Method.invoke(Method.java:564)
	at org.testng.internal.MethodInvocationHelper.invokeMethod(MethodInvocationHelper.java:124)
	at org.testng.internal.MethodInvocationHelper.invokeMethod(MethodInvocationHelper.java:74)
	at org.testng.internal.MethodInvocationHelper.invokeMethodNoCheckedException(MethodInvocationHelper.java:45)
	... 21 more
</pre></div><a href='#' onClick='toggleBox("stack-trace831236296", this, "Click to show all stack frames", "Click to hide stack frames")'>Click to show all stack frames</a>
<div class='stack-trace' id='stack-trace831236296'><pre>java.lang.RuntimeException: java.lang.NoSuchMethodError: hust.cs.javacourse.search.index.impl.Posting: method &apos;void &lt;init&gt;()&apos; not found
	at org.testng.internal.MethodInvocationHelper.invokeMethodNoCheckedException(MethodInvocationHelper.java:49)
	at org.testng.internal.MethodInvocationHelper.invokeDataProvider(MethodInvocationHelper.java:131)
	at org.testng.internal.Parameters.handleParameters(Parameters.java:706)
	at org.testng.internal.ParameterHandler.handleParameters(ParameterHandler.java:49)
	at org.testng.internal.ParameterHandler.createParameters(ParameterHandler.java:37)
	at org.testng.internal.Invoker.invokeTestMethods(Invoker.java:924)
	at org.testng.internal.TestMethodWorker.invokeTestMethods(TestMethodWorker.java:125)
	at org.testng.internal.TestMethodWorker.run(TestMethodWorker.java:109)
	at org.testng.TestRunner.privateRun(TestRunner.java:648)
	at org.testng.TestRunner.run(TestRunner.java:505)
	at org.testng.SuiteRunner.runTest(SuiteRunner.java:455)
	at org.testng.SuiteRunner.runSequentially(SuiteRunner.java:450)
	at org.testng.SuiteRunner.privateRun(SuiteRunner.java:415)
	at org.testng.SuiteRunner.run(SuiteRunner.java:364)
	at org.testng.SuiteRunnerWorker.runSuite(SuiteRunnerWorker.java:52)
	at org.testng.SuiteRunnerWorker.run(SuiteRunnerWorker.java:84)
	at org.testng.TestNG.runSuitesSequentially(TestNG.java:1208)
	at org.testng.TestNG.runSuitesLocally(TestNG.java:1137)
	at org.testng.TestNG.runSuites(TestNG.java:1049)
	at org.testng.TestNG.run(TestNG.java:1017)
	at org.testng.TestNG.privateMain(TestNG.java:1354)
	at org.testng.TestNG.main(TestNG.java:1323)
Caused by: java.lang.NoSuchMethodError: hust.cs.javacourse.search.index.impl.Posting: method &apos;void &lt;init&gt;()&apos; not found
	at hust.cs.javacourse.search.index.PostingTestDataProvider.testPosting(PostingTestDataProvider.java:98)
	at java.base/jdk.internal.reflect.NativeMethodAccessorImpl.invoke0(Native Method)
	at java.base/jdk.internal.reflect.NativeMethodAccessorImpl.invoke(NativeMethodAccessorImpl.java:64)
	at java.base/jdk.internal.reflect.DelegatingMethodAccessorImpl.invoke(DelegatingMethodAccessorImpl.java:43)
	at java.base/java.lang.reflect.Method.invoke(Method.java:564)
	at org.testng.internal.MethodInvocationHelper.invokeMethod(MethodInvocationHelper.java:124)
	at org.testng.internal.MethodInvocationHelper.invokeMethod(MethodInvocationHelper.java:74)
	at org.testng.internal.MethodInvocationHelper.invokeMethodNoCheckedException(MethodInvocationHelper.java:45)
	... 21 more
</pre></div></td>
<td>0</td>
<td>hust.cs.javacourse.search.index.PostingTest@4d1b0d2a</td></tr>
</table><p>
</body>
</html>